<?xml version="1.0" encoding="UTF-8"?>
<!-- Generated by org.testng.reporters.JUnitXMLReporter -->
<testsuite hostname="TL0017" ignored="2" name="Test" tests="0" failures="0" timestamp="2022-04-07T22:06:52 IST" time="0.023" errors="0">
  <testcase name="deleteLead" time="0.0" classname="groups.Learngroups">
    <ignored/>
  </testcase> <!-- deleteLead -->
  <testcase name="loginPage" time="0.0" classname="groups.Learngroups">
    <ignored/>
  </testcase> <!-- loginPage -->
</testsuite> <!-- Test -->
